2024-12-08 18:47:43 [::1][-][-][error][TypeError] TypeError: yii\base\View::{closure}(): Argument #2 ($model) must be of type History, backend\models\History given in E:\XAMPP\XAMPP\htdocs\advanced\backend\views\history\index.php:39
Stack trace:
#0 [internal function]: yii\base\View->{closure}('view', Object(backend\models\History), 1, 0, Object(yii\grid\ActionColumn))
#1 E:\XAMPP\XAMPP\htdocs\advanced\vendor\yiisoft\yii2\grid\ActionColumn.php(219): call_user_func(Object(Closure), 'view', Object(backend\models\History), 1, 0, Object(yii\grid\ActionColumn))
#2 E:\XAMPP\XAMPP\htdocs\advanced\vendor\yiisoft\yii2\grid\ActionColumn.php(245): yii\grid\ActionColumn->createUrl('view', Object(backend\models\History), 1, 0)
#3 [internal function]: yii\grid\ActionColumn->yii\grid\{closure}(Array)
#4 E:\XAMPP\XAMPP\htdocs\advanced\vendor\yiisoft\yii2\grid\ActionColumn.php(250): preg_replace_callback('/\\{([\\w\\-\\/]+)\\...', Object(Closure), '{view} {update}...')
#5 E:\XAMPP\XAMPP\htdocs\advanced\vendor\yiisoft\yii2\grid\Column.php(111): yii\grid\ActionColumn->renderDataCellContent(Object(backend\models\History), 1, 0)
#6 E:\XAMPP\XAMPP\htdocs\advanced\vendor\yiisoft\yii2\grid\GridView.php(525): yii\grid\Column->renderDataCell(Object(backend\models\History), 1, 0)
#7 E:\XAMPP\XAMPP\htdocs\advanced\vendor\yiisoft\yii2\grid\GridView.php(494): yii\grid\GridView->renderTableRow(Object(backend\models\History), 1, 0)
#8 E:\XAMPP\XAMPP\htdocs\advanced\vendor\yiisoft\yii2\grid\GridView.php(358): yii\grid\GridView->renderTableBody()
#9 E:\XAMPP\XAMPP\htdocs\advanced\vendor\yiisoft\yii2\widgets\BaseListView.php(160): yii\grid\GridView->renderItems()
#10 E:\XAMPP\XAMPP\htdocs\advanced\vendor\yiisoft\yii2\grid\GridView.php(326): yii\widgets\BaseListView->renderSection('{items}')
#11 E:\XAMPP\XAMPP\htdocs\advanced\vendor\yiisoft\yii2\widgets\BaseListView.php(135): yii\grid\GridView->renderSection('{items}')
#12 [internal function]: yii\widgets\BaseListView->yii\widgets\{closure}(Array)
#13 E:\XAMPP\XAMPP\htdocs\advanced\vendor\yiisoft\yii2\widgets\BaseListView.php(138): preg_replace_callback('/{\\w+}/', Object(Closure), '{summary}\n{item...')
#14 E:\XAMPP\XAMPP\htdocs\advanced\vendor\yiisoft\yii2\grid\GridView.php(301): yii\widgets\BaseListView->run()
#15 E:\XAMPP\XAMPP\htdocs\advanced\vendor\yiisoft\yii2\base\Widget.php(146): yii\grid\GridView->run()
#16 E:\XAMPP\XAMPP\htdocs\advanced\backend\views\history\index.php(41): yii\base\Widget::widget(Array)
#17 E:\XAMPP\XAMPP\htdocs\advanced\vendor\yiisoft\yii2\base\View.php(347): require('E:\\XAMPP\\XAMPP\\...')
#18 E:\XAMPP\XAMPP\htdocs\advanced\vendor\yiisoft\yii2\base\View.php(257): yii\base\View->renderPhpFile('E:\\XAMPP\\XAMPP\\...', Array)
#19 E:\XAMPP\XAMPP\htdocs\advanced\vendor\yiisoft\yii2\base\View.php(156): yii\base\View->renderFile('E:\\XAMPP\\XAMPP\\...', Array, Object(backend\controllers\HistoryController))
#20 E:\XAMPP\XAMPP\htdocs\advanced\vendor\yiisoft\yii2\base\Controller.php(407): yii\base\View->render('index', Array, Object(backend\controllers\HistoryController))
#21 E:\XAMPP\XAMPP\htdocs\advanced\backend\controllers\HistoryController.php(46): yii\base\Controller->render('index', Array)
#22 [internal function]: backend\controllers\HistoryController->actionIndex()
#23 E:\XAMPP\XAMPP\htdocs\advanced\vendor\yiisoft\yii2\base\InlineAction.php(57): call_user_func_array(Array, Array)
#24 E:\XAMPP\XAMPP\htdocs\advanced\vendor\yiisoft\yii2\base\Controller.php(178): yii\base\InlineAction->runWithParams(Array)
#25 E:\XAMPP\XAMPP\htdocs\advanced\vendor\yiisoft\yii2\base\Module.php(552): yii\base\Controller->runAction('index', Array)
#26 E:\XAMPP\XAMPP\htdocs\advanced\vendor\yiisoft\yii2\web\Application.php(103): yii\base\Module->runAction('history/index', Array)
#27 E:\XAMPP\XAMPP\htdocs\advanced\vendor\yiisoft\yii2\base\Application.php(384): yii\web\Application->handleRequest(Object(yii\web\Request))
#28 E:\XAMPP\XAMPP\htdocs\advanced\backend\web\index.php(18): yii\base\Application->run()
#29 {main}
2024-12-08 18:47:43 [::1][-][-][info][application] $_GET = [
    'r' => 'history/index'
]

$_POST = []

$_FILES = []

$_COOKIE = [
    'advanced-frontend' => 'vges01bqcpjrllu87s64b4kfmc'
    '_csrf-frontend' => '5a20c1662b20d7ff52a6b0ebdc1c4971c5cab0c0615248aa1af013cdf8fe53a4a:2:{i:0;s:14:\"_csrf-frontend\";i:1;s:32:\"pNFgnRyOxC5tuEnszK87DsOTPE2jEYWb\";}'
    '_csrf-backend' => '620cd32370282e220d1315d8e6e90cb629918a1399813c5def95a033dea16bafa:2:{i:0;s:13:\"_csrf-backend\";i:1;s:32:\"HxCXJSC5xf6667LWeYs9c4IDmtWIW1Us\";}'
]

$_SERVER = [
    'MIBDIRS' => 'E:/XAMPP/XAMPP/php/extras/mibs'
    'MYSQL_HOME' => '\\xampp\\mysql\\bin'
    'OPENSSL_CONF' => 'E:/XAMPP/XAMPP/apache/bin/openssl.cnf'
    'PHP_PEAR_SYSCONF_DIR' => '\\xampp\\php'
    'PHPRC' => '\\xampp\\php'
    'TMP' => '\\xampp\\tmp'
    'HTTP_HOST' => 'localhost'
    'HTTP_CONNECTION' => 'keep-alive'
    'HTTP_SEC_CH_UA' => '\"Chromium\";v=\"128\", \"Not;A=Brand\";v=\"24\", \"Microsoft Edge\";v=\"128\"'
    'HTTP_SEC_CH_UA_MOBILE' => '?0'
    'HTTP_SEC_CH_UA_PLATFORM' => '\"Windows\"'
    'HTTP_UPGRADE_INSECURE_REQUESTS' => '1'
    'HTTP_USER_AGENT' => 'Mozilla/5.0 (Windows NT 10.0; Win64; x64) AppleWebKit/537.36 (KHTML, like Gecko) Chrome/128.0.0.0 Safari/537.36 Edg/128.0.0.0'
    'HTTP_ACCEPT' => 'text/html,application/xhtml+xml,application/xml;q=0.9,image/avif,image/webp,image/apng,*/*;q=0.8,application/signed-exchange;v=b3;q=0.7'
    'HTTP_SEC_FETCH_SITE' => 'none'
    'HTTP_SEC_FETCH_MODE' => 'navigate'
    'HTTP_SEC_FETCH_USER' => '?1'
    'HTTP_SEC_FETCH_DEST' => 'document'
    'HTTP_ACCEPT_ENCODING' => 'gzip, deflate, br, zstd'
    'HTTP_ACCEPT_LANGUAGE' => 'zh-CN,zh;q=0.9,en;q=0.8,en-GB;q=0.7,en-US;q=0.6'
    'HTTP_COOKIE' => 'advanced-frontend=vges01bqcpjrllu87s64b4kfmc; _csrf-frontend=5a20c1662b20d7ff52a6b0ebdc1c4971c5cab0c0615248aa1af013cdf8fe53a4a%3A2%3A%7Bi%3A0%3Bs%3A14%3A%22_csrf-frontend%22%3Bi%3A1%3Bs%3A32%3A%22pNFgnRyOxC5tuEnszK87DsOTPE2jEYWb%22%3B%7D; _csrf-backend=620cd32370282e220d1315d8e6e90cb629918a1399813c5def95a033dea16bafa%3A2%3A%7Bi%3A0%3Bs%3A13%3A%22_csrf-backend%22%3Bi%3A1%3Bs%3A32%3A%22HxCXJSC5xf6667LWeYs9c4IDmtWIW1Us%22%3B%7D'
    'PATH' => 'E:\\jdk\\jdk-1.8\\bin;C:\\Program Files (x86)\\Common Files\\Oracle\\Java\\java8path;C:\\Program Files (x86)\\Common Files\\Oracle\\Java\\javapath;C:\\Program Files\\NVIDIA GPU Computing Toolkit\\CUDA\\v11.6\\bin;C:\\Program Files\\NVIDIA GPU Computing Toolkit\\CUDA\\v11.6\\libnvvp;D:\\true software security\\bin\\;D:\\2023.10.7anaconda download;D:\\2023.10.7anaconda download\\Library\\mingw-w64\\bin;D:\\2023.10.7anaconda download\\Library\\usr\\bin;D:\\2023.10.7anaconda download\\Library\\bin;D:\\2023.10.7anaconda download\\Scripts;C:\\Windows\\system32;C:\\Windows;C:\\Windows\\System32\\Wbem;C:\\Windows\\System32\\WindowsPowerShell\\v1.0\\;C:\\Windows\\System32\\OpenSSH\\;C:\\Program Files (x86)\\NVIDIA Corporation\\PhysX\\Common;C:\\Program Files\\NVIDIA Corporation\\NVIDIA NvDLISR;C:\\WINDOWS\\system32;C:\\WINDOWS;C:\\WINDOWS\\System32\\Wbem;C:\\WINDOWS\\System32\\WindowsPowerShell\\v1.0\\;C:\\WINDOWS\\System32\\OpenSSH\\;C:\\Program Files (x86)\\Windows Kits\\8.1\\Windows Performance Toolkit\\;E:\\matlab2024a\\runtime\\win64;E:\\matlab2024a\\bin;C:\\Program Files\\PuTTY\\;C:\\Program Files\\NVIDIA Corporation\\Nsight Compute 2022.1.0\\;E:\\node\\;E:\\git\\Git\\cmd;E:\\tortoise\\bin;E:\\AndroidStudio\\AndroidSDK\\platform-tools;C:\\texlive\\2023\\bin\\windows;C:\\Users\\86153\\AppData\\Local\\Programs\\Python\\Python311\\Scripts\\;C:\\Users\\86153\\AppData\\Local\\Programs\\Python\\Python311\\;C:\\Users\\86153\\AppData\\Local\\Microsoft\\WindowsApps;;C:\\Users\\86153\\AppData\\Local\\Programs\\Microsoft VS Code\\bin;D:\\PyCharm Community Edition 2022.3.3\\bin;;D:\\texlive\\2023\\bin\\windows;C:\\Users\\86153\\AppData\\Roaming\\npm;E:\\XAMPP\\XAMPP\\php;C:\\Users\\86153\\AppData\\Local\\ComposerSetup\\bin;C:\\Users\\86153\\AppData\\Roaming\\Composer\\vendor\\bin'
    'SystemRoot' => 'C:\\WINDOWS'
    'COMSPEC' => 'C:\\WINDOWS\\system32\\cmd.exe'
    'PATHEXT' => '.COM;.EXE;.BAT;.CMD;.VBS;.VBE;.JS;.JSE;.WSF;.WSH;.MSC'
    'WINDIR' => 'C:\\WINDOWS'
    'SERVER_SIGNATURE' => '<address>Apache/2.4.58 (Win64) OpenSSL/3.1.3 PHP/8.0.30 Server at localhost Port 80</address>
'
    'SERVER_SOFTWARE' => 'Apache/2.4.58 (Win64) OpenSSL/3.1.3 PHP/8.0.30'
    'SERVER_NAME' => 'localhost'
    'SERVER_ADDR' => '::1'
    'SERVER_PORT' => '80'
    'REMOTE_ADDR' => '::1'
    'DOCUMENT_ROOT' => 'E:/XAMPP/XAMPP/htdocs'
    'REQUEST_SCHEME' => 'http'
    'CONTEXT_PREFIX' => ''
    'CONTEXT_DOCUMENT_ROOT' => 'E:/XAMPP/XAMPP/htdocs'
    'SERVER_ADMIN' => 'postmaster@localhost'
    'SCRIPT_FILENAME' => 'E:/XAMPP/XAMPP/htdocs/advanced/backend/web/index.php'
    'REMOTE_PORT' => '61850'
    'GATEWAY_INTERFACE' => 'CGI/1.1'
    'SERVER_PROTOCOL' => 'HTTP/1.1'
    'REQUEST_METHOD' => 'GET'
    'QUERY_STRING' => 'r=history/index'
    'REQUEST_URI' => '/advanced/backend/web/index.php?r=history/index'
    'SCRIPT_NAME' => '/advanced/backend/web/index.php'
    'PHP_SELF' => '/advanced/backend/web/index.php'
    'REQUEST_TIME_FLOAT' => 1733680063.2115
    'REQUEST_TIME' => 1733680063
]
2024-12-08 18:49:07 [::1][-][-][error][TypeError] TypeError: yii\base\View::{closure}(): Argument #2 ($model) must be of type History, backend\models\History given in E:\XAMPP\XAMPP\htdocs\advanced\backend\views\history\index.php:39
Stack trace:
#0 [internal function]: yii\base\View->{closure}('view', Object(backend\models\History), 1, 0, Object(yii\grid\ActionColumn))
#1 E:\XAMPP\XAMPP\htdocs\advanced\vendor\yiisoft\yii2\grid\ActionColumn.php(219): call_user_func(Object(Closure), 'view', Object(backend\models\History), 1, 0, Object(yii\grid\ActionColumn))
#2 E:\XAMPP\XAMPP\htdocs\advanced\vendor\yiisoft\yii2\grid\ActionColumn.php(245): yii\grid\ActionColumn->createUrl('view', Object(backend\models\History), 1, 0)
#3 [internal function]: yii\grid\ActionColumn->yii\grid\{closure}(Array)
#4 E:\XAMPP\XAMPP\htdocs\advanced\vendor\yiisoft\yii2\grid\ActionColumn.php(250): preg_replace_callback('/\\{([\\w\\-\\/]+)\\...', Object(Closure), '{view} {update}...')
#5 E:\XAMPP\XAMPP\htdocs\advanced\vendor\yiisoft\yii2\grid\Column.php(111): yii\grid\ActionColumn->renderDataCellContent(Object(backend\models\History), 1, 0)
#6 E:\XAMPP\XAMPP\htdocs\advanced\vendor\yiisoft\yii2\grid\GridView.php(525): yii\grid\Column->renderDataCell(Object(backend\models\History), 1, 0)
#7 E:\XAMPP\XAMPP\htdocs\advanced\vendor\yiisoft\yii2\grid\GridView.php(494): yii\grid\GridView->renderTableRow(Object(backend\models\History), 1, 0)
#8 E:\XAMPP\XAMPP\htdocs\advanced\vendor\yiisoft\yii2\grid\GridView.php(358): yii\grid\GridView->renderTableBody()
#9 E:\XAMPP\XAMPP\htdocs\advanced\vendor\yiisoft\yii2\widgets\BaseListView.php(160): yii\grid\GridView->renderItems()
#10 E:\XAMPP\XAMPP\htdocs\advanced\vendor\yiisoft\yii2\grid\GridView.php(326): yii\widgets\BaseListView->renderSection('{items}')
#11 E:\XAMPP\XAMPP\htdocs\advanced\vendor\yiisoft\yii2\widgets\BaseListView.php(135): yii\grid\GridView->renderSection('{items}')
#12 [internal function]: yii\widgets\BaseListView->yii\widgets\{closure}(Array)
#13 E:\XAMPP\XAMPP\htdocs\advanced\vendor\yiisoft\yii2\widgets\BaseListView.php(138): preg_replace_callback('/{\\w+}/', Object(Closure), '{summary}\n{item...')
#14 E:\XAMPP\XAMPP\htdocs\advanced\vendor\yiisoft\yii2\grid\GridView.php(301): yii\widgets\BaseListView->run()
#15 E:\XAMPP\XAMPP\htdocs\advanced\vendor\yiisoft\yii2\base\Widget.php(146): yii\grid\GridView->run()
#16 E:\XAMPP\XAMPP\htdocs\advanced\backend\views\history\index.php(41): yii\base\Widget::widget(Array)
#17 E:\XAMPP\XAMPP\htdocs\advanced\vendor\yiisoft\yii2\base\View.php(347): require('E:\\XAMPP\\XAMPP\\...')
#18 E:\XAMPP\XAMPP\htdocs\advanced\vendor\yiisoft\yii2\base\View.php(257): yii\base\View->renderPhpFile('E:\\XAMPP\\XAMPP\\...', Array)
#19 E:\XAMPP\XAMPP\htdocs\advanced\vendor\yiisoft\yii2\base\View.php(156): yii\base\View->renderFile('E:\\XAMPP\\XAMPP\\...', Array, Object(backend\controllers\HistoryController))
#20 E:\XAMPP\XAMPP\htdocs\advanced\vendor\yiisoft\yii2\base\Controller.php(407): yii\base\View->render('index', Array, Object(backend\controllers\HistoryController))
#21 E:\XAMPP\XAMPP\htdocs\advanced\backend\controllers\HistoryController.php(46): yii\base\Controller->render('index', Array)
#22 [internal function]: backend\controllers\HistoryController->actionIndex()
#23 E:\XAMPP\XAMPP\htdocs\advanced\vendor\yiisoft\yii2\base\InlineAction.php(57): call_user_func_array(Array, Array)
#24 E:\XAMPP\XAMPP\htdocs\advanced\vendor\yiisoft\yii2\base\Controller.php(178): yii\base\InlineAction->runWithParams(Array)
#25 E:\XAMPP\XAMPP\htdocs\advanced\vendor\yiisoft\yii2\base\Module.php(552): yii\base\Controller->runAction('index', Array)
#26 E:\XAMPP\XAMPP\htdocs\advanced\vendor\yiisoft\yii2\web\Application.php(103): yii\base\Module->runAction('history/index', Array)
#27 E:\XAMPP\XAMPP\htdocs\advanced\vendor\yiisoft\yii2\base\Application.php(384): yii\web\Application->handleRequest(Object(yii\web\Request))
#28 E:\XAMPP\XAMPP\htdocs\advanced\backend\web\index.php(18): yii\base\Application->run()
#29 {main}
2024-12-08 18:49:07 [::1][-][-][info][application] $_GET = [
    'r' => 'history/index'
]

$_POST = []

$_FILES = []

$_COOKIE = [
    'advanced-frontend' => 'vges01bqcpjrllu87s64b4kfmc'
    '_csrf-frontend' => '5a20c1662b20d7ff52a6b0ebdc1c4971c5cab0c0615248aa1af013cdf8fe53a4a:2:{i:0;s:14:\"_csrf-frontend\";i:1;s:32:\"pNFgnRyOxC5tuEnszK87DsOTPE2jEYWb\";}'
    '_csrf-backend' => '620cd32370282e220d1315d8e6e90cb629918a1399813c5def95a033dea16bafa:2:{i:0;s:13:\"_csrf-backend\";i:1;s:32:\"HxCXJSC5xf6667LWeYs9c4IDmtWIW1Us\";}'
]

$_SERVER = [
    'MIBDIRS' => 'E:/XAMPP/XAMPP/php/extras/mibs'
    'MYSQL_HOME' => '\\xampp\\mysql\\bin'
    'OPENSSL_CONF' => 'E:/XAMPP/XAMPP/apache/bin/openssl.cnf'
    'PHP_PEAR_SYSCONF_DIR' => '\\xampp\\php'
    'PHPRC' => '\\xampp\\php'
    'TMP' => '\\xampp\\tmp'
    'HTTP_HOST' => 'localhost'
    'HTTP_CONNECTION' => 'keep-alive'
    'HTTP_CACHE_CONTROL' => 'max-age=0'
    'HTTP_SEC_CH_UA' => '\"Chromium\";v=\"128\", \"Not;A=Brand\";v=\"24\", \"Microsoft Edge\";v=\"128\"'
    'HTTP_SEC_CH_UA_MOBILE' => '?0'
    'HTTP_SEC_CH_UA_PLATFORM' => '\"Windows\"'
    'HTTP_UPGRADE_INSECURE_REQUESTS' => '1'
    'HTTP_USER_AGENT' => 'Mozilla/5.0 (Windows NT 10.0; Win64; x64) AppleWebKit/537.36 (KHTML, like Gecko) Chrome/128.0.0.0 Safari/537.36 Edg/128.0.0.0'
    'HTTP_ACCEPT' => 'text/html,application/xhtml+xml,application/xml;q=0.9,image/avif,image/webp,image/apng,*/*;q=0.8,application/signed-exchange;v=b3;q=0.7'
    'HTTP_SEC_FETCH_SITE' => 'none'
    'HTTP_SEC_FETCH_MODE' => 'navigate'
    'HTTP_SEC_FETCH_USER' => '?1'
    'HTTP_SEC_FETCH_DEST' => 'document'
    'HTTP_ACCEPT_ENCODING' => 'gzip, deflate, br, zstd'
    'HTTP_ACCEPT_LANGUAGE' => 'zh-CN,zh;q=0.9,en;q=0.8,en-GB;q=0.7,en-US;q=0.6'
    'HTTP_COOKIE' => 'advanced-frontend=vges01bqcpjrllu87s64b4kfmc; _csrf-frontend=5a20c1662b20d7ff52a6b0ebdc1c4971c5cab0c0615248aa1af013cdf8fe53a4a%3A2%3A%7Bi%3A0%3Bs%3A14%3A%22_csrf-frontend%22%3Bi%3A1%3Bs%3A32%3A%22pNFgnRyOxC5tuEnszK87DsOTPE2jEYWb%22%3B%7D; _csrf-backend=620cd32370282e220d1315d8e6e90cb629918a1399813c5def95a033dea16bafa%3A2%3A%7Bi%3A0%3Bs%3A13%3A%22_csrf-backend%22%3Bi%3A1%3Bs%3A32%3A%22HxCXJSC5xf6667LWeYs9c4IDmtWIW1Us%22%3B%7D'
    'PATH' => 'E:\\jdk\\jdk-1.8\\bin;C:\\Program Files (x86)\\Common Files\\Oracle\\Java\\java8path;C:\\Program Files (x86)\\Common Files\\Oracle\\Java\\javapath;C:\\Program Files\\NVIDIA GPU Computing Toolkit\\CUDA\\v11.6\\bin;C:\\Program Files\\NVIDIA GPU Computing Toolkit\\CUDA\\v11.6\\libnvvp;D:\\true software security\\bin\\;D:\\2023.10.7anaconda download;D:\\2023.10.7anaconda download\\Library\\mingw-w64\\bin;D:\\2023.10.7anaconda download\\Library\\usr\\bin;D:\\2023.10.7anaconda download\\Library\\bin;D:\\2023.10.7anaconda download\\Scripts;C:\\Windows\\system32;C:\\Windows;C:\\Windows\\System32\\Wbem;C:\\Windows\\System32\\WindowsPowerShell\\v1.0\\;C:\\Windows\\System32\\OpenSSH\\;C:\\Program Files (x86)\\NVIDIA Corporation\\PhysX\\Common;C:\\Program Files\\NVIDIA Corporation\\NVIDIA NvDLISR;C:\\WINDOWS\\system32;C:\\WINDOWS;C:\\WINDOWS\\System32\\Wbem;C:\\WINDOWS\\System32\\WindowsPowerShell\\v1.0\\;C:\\WINDOWS\\System32\\OpenSSH\\;C:\\Program Files (x86)\\Windows Kits\\8.1\\Windows Performance Toolkit\\;E:\\matlab2024a\\runtime\\win64;E:\\matlab2024a\\bin;C:\\Program Files\\PuTTY\\;C:\\Program Files\\NVIDIA Corporation\\Nsight Compute 2022.1.0\\;E:\\node\\;E:\\git\\Git\\cmd;E:\\tortoise\\bin;E:\\AndroidStudio\\AndroidSDK\\platform-tools;C:\\texlive\\2023\\bin\\windows;C:\\Users\\86153\\AppData\\Local\\Programs\\Python\\Python311\\Scripts\\;C:\\Users\\86153\\AppData\\Local\\Programs\\Python\\Python311\\;C:\\Users\\86153\\AppData\\Local\\Microsoft\\WindowsApps;;C:\\Users\\86153\\AppData\\Local\\Programs\\Microsoft VS Code\\bin;D:\\PyCharm Community Edition 2022.3.3\\bin;;D:\\texlive\\2023\\bin\\windows;C:\\Users\\86153\\AppData\\Roaming\\npm;E:\\XAMPP\\XAMPP\\php;C:\\Users\\86153\\AppData\\Local\\ComposerSetup\\bin;C:\\Users\\86153\\AppData\\Roaming\\Composer\\vendor\\bin'
    'SystemRoot' => 'C:\\WINDOWS'
    'COMSPEC' => 'C:\\WINDOWS\\system32\\cmd.exe'
    'PATHEXT' => '.COM;.EXE;.BAT;.CMD;.VBS;.VBE;.JS;.JSE;.WSF;.WSH;.MSC'
    'WINDIR' => 'C:\\WINDOWS'
    'SERVER_SIGNATURE' => '<address>Apache/2.4.58 (Win64) OpenSSL/3.1.3 PHP/8.0.30 Server at localhost Port 80</address>
'
    'SERVER_SOFTWARE' => 'Apache/2.4.58 (Win64) OpenSSL/3.1.3 PHP/8.0.30'
    'SERVER_NAME' => 'localhost'
    'SERVER_ADDR' => '::1'
    'SERVER_PORT' => '80'
    'REMOTE_ADDR' => '::1'
    'DOCUMENT_ROOT' => 'E:/XAMPP/XAMPP/htdocs'
    'REQUEST_SCHEME' => 'http'
    'CONTEXT_PREFIX' => ''
    'CONTEXT_DOCUMENT_ROOT' => 'E:/XAMPP/XAMPP/htdocs'
    'SERVER_ADMIN' => 'postmaster@localhost'
    'SCRIPT_FILENAME' => 'E:/XAMPP/XAMPP/htdocs/advanced/backend/web/index.php'
    'REMOTE_PORT' => '61924'
    'GATEWAY_INTERFACE' => 'CGI/1.1'
    'SERVER_PROTOCOL' => 'HTTP/1.1'
    'REQUEST_METHOD' => 'GET'
    'QUERY_STRING' => 'r=history/index'
    'REQUEST_URI' => '/advanced/backend/web/index.php?r=history/index'
    'SCRIPT_NAME' => '/advanced/backend/web/index.php'
    'PHP_SELF' => '/advanced/backend/web/index.php'
    'REQUEST_TIME_FLOAT' => 1733680147.3144
    'REQUEST_TIME' => 1733680147
]
2024-12-08 18:55:17 [::1][-][f8prln1lplupnnkepsn8dir8eb][error][yii\web\HttpException:404] yii\base\InvalidRouteException: Unable to resolve the request "people/index". in E:\XAMPP\XAMPP\htdocs\advanced\vendor\yiisoft\yii2\base\Module.php:561
Stack trace:
#0 E:\XAMPP\XAMPP\htdocs\advanced\vendor\yiisoft\yii2\web\Application.php(103): yii\base\Module->runAction('people/index', Array)
#1 E:\XAMPP\XAMPP\htdocs\advanced\vendor\yiisoft\yii2\base\Application.php(384): yii\web\Application->handleRequest(Object(yii\web\Request))
#2 E:\XAMPP\XAMPP\htdocs\advanced\backend\web\index.php(18): yii\base\Application->run()
#3 {main}

Next yii\web\NotFoundHttpException: Page not found. in E:\XAMPP\XAMPP\htdocs\advanced\vendor\yiisoft\yii2\web\Application.php:115
Stack trace:
#0 E:\XAMPP\XAMPP\htdocs\advanced\vendor\yiisoft\yii2\base\Application.php(384): yii\web\Application->handleRequest(Object(yii\web\Request))
#1 E:\XAMPP\XAMPP\htdocs\advanced\backend\web\index.php(18): yii\base\Application->run()
#2 {main}
2024-12-08 18:55:17 [::1][-][f8prln1lplupnnkepsn8dir8eb][info][application] $_GET = [
    'r' => 'people/index'
]

$_POST = []

$_FILES = []

$_COOKIE = [
    'advanced-frontend' => 'vges01bqcpjrllu87s64b4kfmc'
    '_csrf-frontend' => '5a20c1662b20d7ff52a6b0ebdc1c4971c5cab0c0615248aa1af013cdf8fe53a4a:2:{i:0;s:14:\"_csrf-frontend\";i:1;s:32:\"pNFgnRyOxC5tuEnszK87DsOTPE2jEYWb\";}'
    '_csrf-backend' => '620cd32370282e220d1315d8e6e90cb629918a1399813c5def95a033dea16bafa:2:{i:0;s:13:\"_csrf-backend\";i:1;s:32:\"HxCXJSC5xf6667LWeYs9c4IDmtWIW1Us\";}'
    'advanced-backend' => 'f8prln1lplupnnkepsn8dir8eb'
]

$_SESSION = [
    '__flash' => []
]

$_SERVER = [
    'MIBDIRS' => 'E:/XAMPP/XAMPP/php/extras/mibs'
    'MYSQL_HOME' => '\\xampp\\mysql\\bin'
    'OPENSSL_CONF' => 'E:/XAMPP/XAMPP/apache/bin/openssl.cnf'
    'PHP_PEAR_SYSCONF_DIR' => '\\xampp\\php'
    'PHPRC' => '\\xampp\\php'
    'TMP' => '\\xampp\\tmp'
    'HTTP_HOST' => 'localhost'
    'HTTP_CONNECTION' => 'keep-alive'
    'HTTP_SEC_CH_UA' => '\"Chromium\";v=\"128\", \"Not;A=Brand\";v=\"24\", \"Microsoft Edge\";v=\"128\"'
    'HTTP_SEC_CH_UA_MOBILE' => '?0'
    'HTTP_SEC_CH_UA_PLATFORM' => '\"Windows\"'
    'HTTP_UPGRADE_INSECURE_REQUESTS' => '1'
    'HTTP_USER_AGENT' => 'Mozilla/5.0 (Windows NT 10.0; Win64; x64) AppleWebKit/537.36 (KHTML, like Gecko) Chrome/128.0.0.0 Safari/537.36 Edg/128.0.0.0'
    'HTTP_ACCEPT' => 'text/html,application/xhtml+xml,application/xml;q=0.9,image/avif,image/webp,image/apng,*/*;q=0.8,application/signed-exchange;v=b3;q=0.7'
    'HTTP_SEC_FETCH_SITE' => 'none'
    'HTTP_SEC_FETCH_MODE' => 'navigate'
    'HTTP_SEC_FETCH_USER' => '?1'
    'HTTP_SEC_FETCH_DEST' => 'document'
    'HTTP_ACCEPT_ENCODING' => 'gzip, deflate, br, zstd'
    'HTTP_ACCEPT_LANGUAGE' => 'zh-CN,zh;q=0.9,en;q=0.8,en-GB;q=0.7,en-US;q=0.6'
    'HTTP_COOKIE' => 'advanced-frontend=vges01bqcpjrllu87s64b4kfmc; _csrf-frontend=5a20c1662b20d7ff52a6b0ebdc1c4971c5cab0c0615248aa1af013cdf8fe53a4a%3A2%3A%7Bi%3A0%3Bs%3A14%3A%22_csrf-frontend%22%3Bi%3A1%3Bs%3A32%3A%22pNFgnRyOxC5tuEnszK87DsOTPE2jEYWb%22%3B%7D; _csrf-backend=620cd32370282e220d1315d8e6e90cb629918a1399813c5def95a033dea16bafa%3A2%3A%7Bi%3A0%3Bs%3A13%3A%22_csrf-backend%22%3Bi%3A1%3Bs%3A32%3A%22HxCXJSC5xf6667LWeYs9c4IDmtWIW1Us%22%3B%7D; advanced-backend=f8prln1lplupnnkepsn8dir8eb'
    'PATH' => 'E:\\jdk\\jdk-1.8\\bin;C:\\Program Files (x86)\\Common Files\\Oracle\\Java\\java8path;C:\\Program Files (x86)\\Common Files\\Oracle\\Java\\javapath;C:\\Program Files\\NVIDIA GPU Computing Toolkit\\CUDA\\v11.6\\bin;C:\\Program Files\\NVIDIA GPU Computing Toolkit\\CUDA\\v11.6\\libnvvp;D:\\true software security\\bin\\;D:\\2023.10.7anaconda download;D:\\2023.10.7anaconda download\\Library\\mingw-w64\\bin;D:\\2023.10.7anaconda download\\Library\\usr\\bin;D:\\2023.10.7anaconda download\\Library\\bin;D:\\2023.10.7anaconda download\\Scripts;C:\\Windows\\system32;C:\\Windows;C:\\Windows\\System32\\Wbem;C:\\Windows\\System32\\WindowsPowerShell\\v1.0\\;C:\\Windows\\System32\\OpenSSH\\;C:\\Program Files (x86)\\NVIDIA Corporation\\PhysX\\Common;C:\\Program Files\\NVIDIA Corporation\\NVIDIA NvDLISR;C:\\WINDOWS\\system32;C:\\WINDOWS;C:\\WINDOWS\\System32\\Wbem;C:\\WINDOWS\\System32\\WindowsPowerShell\\v1.0\\;C:\\WINDOWS\\System32\\OpenSSH\\;C:\\Program Files (x86)\\Windows Kits\\8.1\\Windows Performance Toolkit\\;E:\\matlab2024a\\runtime\\win64;E:\\matlab2024a\\bin;C:\\Program Files\\PuTTY\\;C:\\Program Files\\NVIDIA Corporation\\Nsight Compute 2022.1.0\\;E:\\node\\;E:\\git\\Git\\cmd;E:\\tortoise\\bin;E:\\AndroidStudio\\AndroidSDK\\platform-tools;C:\\texlive\\2023\\bin\\windows;C:\\Users\\86153\\AppData\\Local\\Programs\\Python\\Python311\\Scripts\\;C:\\Users\\86153\\AppData\\Local\\Programs\\Python\\Python311\\;C:\\Users\\86153\\AppData\\Local\\Microsoft\\WindowsApps;;C:\\Users\\86153\\AppData\\Local\\Programs\\Microsoft VS Code\\bin;D:\\PyCharm Community Edition 2022.3.3\\bin;;D:\\texlive\\2023\\bin\\windows;C:\\Users\\86153\\AppData\\Roaming\\npm;E:\\XAMPP\\XAMPP\\php;C:\\Users\\86153\\AppData\\Local\\ComposerSetup\\bin;C:\\Users\\86153\\AppData\\Roaming\\Composer\\vendor\\bin'
    'SystemRoot' => 'C:\\WINDOWS'
    'COMSPEC' => 'C:\\WINDOWS\\system32\\cmd.exe'
    'PATHEXT' => '.COM;.EXE;.BAT;.CMD;.VBS;.VBE;.JS;.JSE;.WSF;.WSH;.MSC'
    'WINDIR' => 'C:\\WINDOWS'
    'SERVER_SIGNATURE' => '<address>Apache/2.4.58 (Win64) OpenSSL/3.1.3 PHP/8.0.30 Server at localhost Port 80</address>
'
    'SERVER_SOFTWARE' => 'Apache/2.4.58 (Win64) OpenSSL/3.1.3 PHP/8.0.30'
    'SERVER_NAME' => 'localhost'
    'SERVER_ADDR' => '::1'
    'SERVER_PORT' => '80'
    'REMOTE_ADDR' => '::1'
    'DOCUMENT_ROOT' => 'E:/XAMPP/XAMPP/htdocs'
    'REQUEST_SCHEME' => 'http'
    'CONTEXT_PREFIX' => ''
    'CONTEXT_DOCUMENT_ROOT' => 'E:/XAMPP/XAMPP/htdocs'
    'SERVER_ADMIN' => 'postmaster@localhost'
    'SCRIPT_FILENAME' => 'E:/XAMPP/XAMPP/htdocs/advanced/backend/web/index.php'
    'REMOTE_PORT' => '62331'
    'GATEWAY_INTERFACE' => 'CGI/1.1'
    'SERVER_PROTOCOL' => 'HTTP/1.1'
    'REQUEST_METHOD' => 'GET'
    'QUERY_STRING' => 'r=people/index'
    'REQUEST_URI' => '/advanced/backend/web/index.php?r=people/index'
    'SCRIPT_NAME' => '/advanced/backend/web/index.php'
    'PHP_SELF' => '/advanced/backend/web/index.php'
    'REQUEST_TIME_FLOAT' => 1733680517.0131
    'REQUEST_TIME' => 1733680517
]
2024-12-08 19:04:04 [::1][-][f8prln1lplupnnkepsn8dir8eb][error][yii\web\HttpException:404] yii\base\InvalidRouteException: Unable to resolve the request "gii/model". in E:\XAMPP\XAMPP\htdocs\advanced\vendor\yiisoft\yii2\base\Module.php:561
Stack trace:
#0 E:\XAMPP\XAMPP\htdocs\advanced\vendor\yiisoft\yii2\web\Application.php(103): yii\base\Module->runAction('gii/model', Array)
#1 E:\XAMPP\XAMPP\htdocs\advanced\vendor\yiisoft\yii2\base\Application.php(384): yii\web\Application->handleRequest(Object(yii\web\Request))
#2 E:\XAMPP\XAMPP\htdocs\advanced\backend\web\index.php(18): yii\base\Application->run()
#3 {main}

Next yii\web\NotFoundHttpException: Page not found. in E:\XAMPP\XAMPP\htdocs\advanced\vendor\yiisoft\yii2\web\Application.php:115
Stack trace:
#0 E:\XAMPP\XAMPP\htdocs\advanced\vendor\yiisoft\yii2\base\Application.php(384): yii\web\Application->handleRequest(Object(yii\web\Request))
#1 E:\XAMPP\XAMPP\htdocs\advanced\backend\web\index.php(18): yii\base\Application->run()
#2 {main}
2024-12-08 19:04:04 [::1][-][f8prln1lplupnnkepsn8dir8eb][info][application] $_GET = [
    'r' => 'gii/model'
]

$_POST = []

$_FILES = []

$_COOKIE = [
    'advanced-frontend' => 'vges01bqcpjrllu87s64b4kfmc'
    '_csrf-frontend' => '5a20c1662b20d7ff52a6b0ebdc1c4971c5cab0c0615248aa1af013cdf8fe53a4a:2:{i:0;s:14:\"_csrf-frontend\";i:1;s:32:\"pNFgnRyOxC5tuEnszK87DsOTPE2jEYWb\";}'
    '_csrf-backend' => '620cd32370282e220d1315d8e6e90cb629918a1399813c5def95a033dea16bafa:2:{i:0;s:13:\"_csrf-backend\";i:1;s:32:\"HxCXJSC5xf6667LWeYs9c4IDmtWIW1Us\";}'
    'advanced-backend' => 'f8prln1lplupnnkepsn8dir8eb'
]

$_SESSION = [
    '__flash' => []
]

$_SERVER = [
    'MIBDIRS' => 'E:/XAMPP/XAMPP/php/extras/mibs'
    'MYSQL_HOME' => '\\xampp\\mysql\\bin'
    'OPENSSL_CONF' => 'E:/XAMPP/XAMPP/apache/bin/openssl.cnf'
    'PHP_PEAR_SYSCONF_DIR' => '\\xampp\\php'
    'PHPRC' => '\\xampp\\php'
    'TMP' => '\\xampp\\tmp'
    'HTTP_HOST' => 'localhost'
    'HTTP_CONNECTION' => 'keep-alive'
    'HTTP_SEC_CH_UA' => '\"Chromium\";v=\"128\", \"Not;A=Brand\";v=\"24\", \"Microsoft Edge\";v=\"128\"'
    'HTTP_SEC_CH_UA_MOBILE' => '?0'
    'HTTP_SEC_CH_UA_PLATFORM' => '\"Windows\"'
    'HTTP_UPGRADE_INSECURE_REQUESTS' => '1'
    'HTTP_USER_AGENT' => 'Mozilla/5.0 (Windows NT 10.0; Win64; x64) AppleWebKit/537.36 (KHTML, like Gecko) Chrome/128.0.0.0 Safari/537.36 Edg/128.0.0.0'
    'HTTP_ACCEPT' => 'text/html,application/xhtml+xml,application/xml;q=0.9,image/avif,image/webp,image/apng,*/*;q=0.8,application/signed-exchange;v=b3;q=0.7'
    'HTTP_SEC_FETCH_SITE' => 'none'
    'HTTP_SEC_FETCH_MODE' => 'navigate'
    'HTTP_SEC_FETCH_USER' => '?1'
    'HTTP_SEC_FETCH_DEST' => 'document'
    'HTTP_ACCEPT_ENCODING' => 'gzip, deflate, br, zstd'
    'HTTP_ACCEPT_LANGUAGE' => 'zh-CN,zh;q=0.9,en;q=0.8,en-GB;q=0.7,en-US;q=0.6'
    'HTTP_COOKIE' => 'advanced-frontend=vges01bqcpjrllu87s64b4kfmc; _csrf-frontend=5a20c1662b20d7ff52a6b0ebdc1c4971c5cab0c0615248aa1af013cdf8fe53a4a%3A2%3A%7Bi%3A0%3Bs%3A14%3A%22_csrf-frontend%22%3Bi%3A1%3Bs%3A32%3A%22pNFgnRyOxC5tuEnszK87DsOTPE2jEYWb%22%3B%7D; _csrf-backend=620cd32370282e220d1315d8e6e90cb629918a1399813c5def95a033dea16bafa%3A2%3A%7Bi%3A0%3Bs%3A13%3A%22_csrf-backend%22%3Bi%3A1%3Bs%3A32%3A%22HxCXJSC5xf6667LWeYs9c4IDmtWIW1Us%22%3B%7D; advanced-backend=f8prln1lplupnnkepsn8dir8eb'
    'PATH' => 'E:\\jdk\\jdk-1.8\\bin;C:\\Program Files (x86)\\Common Files\\Oracle\\Java\\java8path;C:\\Program Files (x86)\\Common Files\\Oracle\\Java\\javapath;C:\\Program Files\\NVIDIA GPU Computing Toolkit\\CUDA\\v11.6\\bin;C:\\Program Files\\NVIDIA GPU Computing Toolkit\\CUDA\\v11.6\\libnvvp;D:\\true software security\\bin\\;D:\\2023.10.7anaconda download;D:\\2023.10.7anaconda download\\Library\\mingw-w64\\bin;D:\\2023.10.7anaconda download\\Library\\usr\\bin;D:\\2023.10.7anaconda download\\Library\\bin;D:\\2023.10.7anaconda download\\Scripts;C:\\Windows\\system32;C:\\Windows;C:\\Windows\\System32\\Wbem;C:\\Windows\\System32\\WindowsPowerShell\\v1.0\\;C:\\Windows\\System32\\OpenSSH\\;C:\\Program Files (x86)\\NVIDIA Corporation\\PhysX\\Common;C:\\Program Files\\NVIDIA Corporation\\NVIDIA NvDLISR;C:\\WINDOWS\\system32;C:\\WINDOWS;C:\\WINDOWS\\System32\\Wbem;C:\\WINDOWS\\System32\\WindowsPowerShell\\v1.0\\;C:\\WINDOWS\\System32\\OpenSSH\\;C:\\Program Files (x86)\\Windows Kits\\8.1\\Windows Performance Toolkit\\;E:\\matlab2024a\\runtime\\win64;E:\\matlab2024a\\bin;C:\\Program Files\\PuTTY\\;C:\\Program Files\\NVIDIA Corporation\\Nsight Compute 2022.1.0\\;E:\\node\\;E:\\git\\Git\\cmd;E:\\tortoise\\bin;E:\\AndroidStudio\\AndroidSDK\\platform-tools;C:\\texlive\\2023\\bin\\windows;C:\\Users\\86153\\AppData\\Local\\Programs\\Python\\Python311\\Scripts\\;C:\\Users\\86153\\AppData\\Local\\Programs\\Python\\Python311\\;C:\\Users\\86153\\AppData\\Local\\Microsoft\\WindowsApps;;C:\\Users\\86153\\AppData\\Local\\Programs\\Microsoft VS Code\\bin;D:\\PyCharm Community Edition 2022.3.3\\bin;;D:\\texlive\\2023\\bin\\windows;C:\\Users\\86153\\AppData\\Roaming\\npm;E:\\XAMPP\\XAMPP\\php;C:\\Users\\86153\\AppData\\Local\\ComposerSetup\\bin;C:\\Users\\86153\\AppData\\Roaming\\Composer\\vendor\\bin'
    'SystemRoot' => 'C:\\WINDOWS'
    'COMSPEC' => 'C:\\WINDOWS\\system32\\cmd.exe'
    'PATHEXT' => '.COM;.EXE;.BAT;.CMD;.VBS;.VBE;.JS;.JSE;.WSF;.WSH;.MSC'
    'WINDIR' => 'C:\\WINDOWS'
    'SERVER_SIGNATURE' => '<address>Apache/2.4.58 (Win64) OpenSSL/3.1.3 PHP/8.0.30 Server at localhost Port 80</address>
'
    'SERVER_SOFTWARE' => 'Apache/2.4.58 (Win64) OpenSSL/3.1.3 PHP/8.0.30'
    'SERVER_NAME' => 'localhost'
    'SERVER_ADDR' => '::1'
    'SERVER_PORT' => '80'
    'REMOTE_ADDR' => '::1'
    'DOCUMENT_ROOT' => 'E:/XAMPP/XAMPP/htdocs'
    'REQUEST_SCHEME' => 'http'
    'CONTEXT_PREFIX' => ''
    'CONTEXT_DOCUMENT_ROOT' => 'E:/XAMPP/XAMPP/htdocs'
    'SERVER_ADMIN' => 'postmaster@localhost'
    'SCRIPT_FILENAME' => 'E:/XAMPP/XAMPP/htdocs/advanced/backend/web/index.php'
    'REMOTE_PORT' => '62754'
    'GATEWAY_INTERFACE' => 'CGI/1.1'
    'SERVER_PROTOCOL' => 'HTTP/1.1'
    'REQUEST_METHOD' => 'GET'
    'QUERY_STRING' => 'r=gii/model'
    'REQUEST_URI' => '/advanced/backend/web/index.php?r=gii/model'
    'SCRIPT_NAME' => '/advanced/backend/web/index.php'
    'PHP_SELF' => '/advanced/backend/web/index.php'
    'REQUEST_TIME_FLOAT' => 1733681044.2902
    'REQUEST_TIME' => 1733681044
]
2024-12-08 19:04:24 [::1][-][f8prln1lplupnnkepsn8dir8eb][error][yii\web\HttpException:404] yii\base\InvalidRouteException: Unable to resolve the request "gii/model". in E:\XAMPP\XAMPP\htdocs\advanced\vendor\yiisoft\yii2\base\Module.php:561
Stack trace:
#0 E:\XAMPP\XAMPP\htdocs\advanced\vendor\yiisoft\yii2\web\Application.php(103): yii\base\Module->runAction('gii/model', Array)
#1 E:\XAMPP\XAMPP\htdocs\advanced\vendor\yiisoft\yii2\base\Application.php(384): yii\web\Application->handleRequest(Object(yii\web\Request))
#2 E:\XAMPP\XAMPP\htdocs\advanced\backend\web\index.php(18): yii\base\Application->run()
#3 {main}

Next yii\web\NotFoundHttpException: Page not found. in E:\XAMPP\XAMPP\htdocs\advanced\vendor\yiisoft\yii2\web\Application.php:115
Stack trace:
#0 E:\XAMPP\XAMPP\htdocs\advanced\vendor\yiisoft\yii2\base\Application.php(384): yii\web\Application->handleRequest(Object(yii\web\Request))
#1 E:\XAMPP\XAMPP\htdocs\advanced\backend\web\index.php(18): yii\base\Application->run()
#2 {main}
2024-12-08 19:04:24 [::1][-][f8prln1lplupnnkepsn8dir8eb][info][application] $_GET = [
    'r' => 'gii/model'
]

$_POST = []

$_FILES = []

$_COOKIE = [
    'advanced-frontend' => 'vges01bqcpjrllu87s64b4kfmc'
    '_csrf-frontend' => '5a20c1662b20d7ff52a6b0ebdc1c4971c5cab0c0615248aa1af013cdf8fe53a4a:2:{i:0;s:14:\"_csrf-frontend\";i:1;s:32:\"pNFgnRyOxC5tuEnszK87DsOTPE2jEYWb\";}'
    '_csrf-backend' => '620cd32370282e220d1315d8e6e90cb629918a1399813c5def95a033dea16bafa:2:{i:0;s:13:\"_csrf-backend\";i:1;s:32:\"HxCXJSC5xf6667LWeYs9c4IDmtWIW1Us\";}'
    'advanced-backend' => 'f8prln1lplupnnkepsn8dir8eb'
]

$_SESSION = [
    '__flash' => []
]

$_SERVER = [
    'MIBDIRS' => 'E:/XAMPP/XAMPP/php/extras/mibs'
    'MYSQL_HOME' => '\\xampp\\mysql\\bin'
    'OPENSSL_CONF' => 'E:/XAMPP/XAMPP/apache/bin/openssl.cnf'
    'PHP_PEAR_SYSCONF_DIR' => '\\xampp\\php'
    'PHPRC' => '\\xampp\\php'
    'TMP' => '\\xampp\\tmp'
    'HTTP_HOST' => 'localhost'
    'HTTP_CONNECTION' => 'keep-alive'
    'HTTP_SEC_CH_UA' => '\"Chromium\";v=\"128\", \"Not;A=Brand\";v=\"24\", \"Microsoft Edge\";v=\"128\"'
    'HTTP_SEC_CH_UA_MOBILE' => '?0'
    'HTTP_SEC_CH_UA_PLATFORM' => '\"Windows\"'
    'HTTP_UPGRADE_INSECURE_REQUESTS' => '1'
    'HTTP_USER_AGENT' => 'Mozilla/5.0 (Windows NT 10.0; Win64; x64) AppleWebKit/537.36 (KHTML, like Gecko) Chrome/128.0.0.0 Safari/537.36 Edg/128.0.0.0'
    'HTTP_ACCEPT' => 'text/html,application/xhtml+xml,application/xml;q=0.9,image/avif,image/webp,image/apng,*/*;q=0.8,application/signed-exchange;v=b3;q=0.7'
    'HTTP_SEC_FETCH_SITE' => 'none'
    'HTTP_SEC_FETCH_MODE' => 'navigate'
    'HTTP_SEC_FETCH_USER' => '?1'
    'HTTP_SEC_FETCH_DEST' => 'document'
    'HTTP_ACCEPT_ENCODING' => 'gzip, deflate, br, zstd'
    'HTTP_ACCEPT_LANGUAGE' => 'zh-CN,zh;q=0.9,en;q=0.8,en-GB;q=0.7,en-US;q=0.6'
    'HTTP_COOKIE' => 'advanced-frontend=vges01bqcpjrllu87s64b4kfmc; _csrf-frontend=5a20c1662b20d7ff52a6b0ebdc1c4971c5cab0c0615248aa1af013cdf8fe53a4a%3A2%3A%7Bi%3A0%3Bs%3A14%3A%22_csrf-frontend%22%3Bi%3A1%3Bs%3A32%3A%22pNFgnRyOxC5tuEnszK87DsOTPE2jEYWb%22%3B%7D; _csrf-backend=620cd32370282e220d1315d8e6e90cb629918a1399813c5def95a033dea16bafa%3A2%3A%7Bi%3A0%3Bs%3A13%3A%22_csrf-backend%22%3Bi%3A1%3Bs%3A32%3A%22HxCXJSC5xf6667LWeYs9c4IDmtWIW1Us%22%3B%7D; advanced-backend=f8prln1lplupnnkepsn8dir8eb'
    'PATH' => 'E:\\jdk\\jdk-1.8\\bin;C:\\Program Files (x86)\\Common Files\\Oracle\\Java\\java8path;C:\\Program Files (x86)\\Common Files\\Oracle\\Java\\javapath;C:\\Program Files\\NVIDIA GPU Computing Toolkit\\CUDA\\v11.6\\bin;C:\\Program Files\\NVIDIA GPU Computing Toolkit\\CUDA\\v11.6\\libnvvp;D:\\true software security\\bin\\;D:\\2023.10.7anaconda download;D:\\2023.10.7anaconda download\\Library\\mingw-w64\\bin;D:\\2023.10.7anaconda download\\Library\\usr\\bin;D:\\2023.10.7anaconda download\\Library\\bin;D:\\2023.10.7anaconda download\\Scripts;C:\\Windows\\system32;C:\\Windows;C:\\Windows\\System32\\Wbem;C:\\Windows\\System32\\WindowsPowerShell\\v1.0\\;C:\\Windows\\System32\\OpenSSH\\;C:\\Program Files (x86)\\NVIDIA Corporation\\PhysX\\Common;C:\\Program Files\\NVIDIA Corporation\\NVIDIA NvDLISR;C:\\WINDOWS\\system32;C:\\WINDOWS;C:\\WINDOWS\\System32\\Wbem;C:\\WINDOWS\\System32\\WindowsPowerShell\\v1.0\\;C:\\WINDOWS\\System32\\OpenSSH\\;C:\\Program Files (x86)\\Windows Kits\\8.1\\Windows Performance Toolkit\\;E:\\matlab2024a\\runtime\\win64;E:\\matlab2024a\\bin;C:\\Program Files\\PuTTY\\;C:\\Program Files\\NVIDIA Corporation\\Nsight Compute 2022.1.0\\;E:\\node\\;E:\\git\\Git\\cmd;E:\\tortoise\\bin;E:\\AndroidStudio\\AndroidSDK\\platform-tools;C:\\texlive\\2023\\bin\\windows;C:\\Users\\86153\\AppData\\Local\\Programs\\Python\\Python311\\Scripts\\;C:\\Users\\86153\\AppData\\Local\\Programs\\Python\\Python311\\;C:\\Users\\86153\\AppData\\Local\\Microsoft\\WindowsApps;;C:\\Users\\86153\\AppData\\Local\\Programs\\Microsoft VS Code\\bin;D:\\PyCharm Community Edition 2022.3.3\\bin;;D:\\texlive\\2023\\bin\\windows;C:\\Users\\86153\\AppData\\Roaming\\npm;E:\\XAMPP\\XAMPP\\php;C:\\Users\\86153\\AppData\\Local\\ComposerSetup\\bin;C:\\Users\\86153\\AppData\\Roaming\\Composer\\vendor\\bin'
    'SystemRoot' => 'C:\\WINDOWS'
    'COMSPEC' => 'C:\\WINDOWS\\system32\\cmd.exe'
    'PATHEXT' => '.COM;.EXE;.BAT;.CMD;.VBS;.VBE;.JS;.JSE;.WSF;.WSH;.MSC'
    'WINDIR' => 'C:\\WINDOWS'
    'SERVER_SIGNATURE' => '<address>Apache/2.4.58 (Win64) OpenSSL/3.1.3 PHP/8.0.30 Server at localhost Port 80</address>
'
    'SERVER_SOFTWARE' => 'Apache/2.4.58 (Win64) OpenSSL/3.1.3 PHP/8.0.30'
    'SERVER_NAME' => 'localhost'
    'SERVER_ADDR' => '::1'
    'SERVER_PORT' => '80'
    'REMOTE_ADDR' => '::1'
    'DOCUMENT_ROOT' => 'E:/XAMPP/XAMPP/htdocs'
    'REQUEST_SCHEME' => 'http'
    'CONTEXT_PREFIX' => ''
    'CONTEXT_DOCUMENT_ROOT' => 'E:/XAMPP/XAMPP/htdocs'
    'SERVER_ADMIN' => 'postmaster@localhost'
    'SCRIPT_FILENAME' => 'E:/XAMPP/XAMPP/htdocs/advanced/backend/web/index.php'
    'REMOTE_PORT' => '62758'
    'GATEWAY_INTERFACE' => 'CGI/1.1'
    'SERVER_PROTOCOL' => 'HTTP/1.1'
    'REQUEST_METHOD' => 'GET'
    'QUERY_STRING' => 'r=gii/model'
    'REQUEST_URI' => '/advanced/backend/web/index.php?r=gii/model'
    'SCRIPT_NAME' => '/advanced/backend/web/index.php'
    'PHP_SELF' => '/advanced/backend/web/index.php'
    'REQUEST_TIME_FLOAT' => 1733681064.3936
    'REQUEST_TIME' => 1733681064
]
2024-12-08 19:06:40 [::1][-][f8prln1lplupnnkepsn8dir8eb][error][TypeError] TypeError: yii\base\View::{closure}(): Argument #2 ($model) must be of type People, backend\models\People given in E:\XAMPP\XAMPP\htdocs\advanced\backend\views\people\index.php:40
Stack trace:
#0 [internal function]: yii\base\View->{closure}('view', Object(backend\models\People), 1, 0, Object(yii\grid\ActionColumn))
#1 E:\XAMPP\XAMPP\htdocs\advanced\vendor\yiisoft\yii2\grid\ActionColumn.php(219): call_user_func(Object(Closure), 'view', Object(backend\models\People), 1, 0, Object(yii\grid\ActionColumn))
#2 E:\XAMPP\XAMPP\htdocs\advanced\vendor\yiisoft\yii2\grid\ActionColumn.php(245): yii\grid\ActionColumn->createUrl('view', Object(backend\models\People), 1, 0)
#3 [internal function]: yii\grid\ActionColumn->yii\grid\{closure}(Array)
#4 E:\XAMPP\XAMPP\htdocs\advanced\vendor\yiisoft\yii2\grid\ActionColumn.php(250): preg_replace_callback('/\\{([\\w\\-\\/]+)\\...', Object(Closure), '{view} {update}...')
#5 E:\XAMPP\XAMPP\htdocs\advanced\vendor\yiisoft\yii2\grid\Column.php(111): yii\grid\ActionColumn->renderDataCellContent(Object(backend\models\People), 1, 0)
#6 E:\XAMPP\XAMPP\htdocs\advanced\vendor\yiisoft\yii2\grid\GridView.php(525): yii\grid\Column->renderDataCell(Object(backend\models\People), 1, 0)
#7 E:\XAMPP\XAMPP\htdocs\advanced\vendor\yiisoft\yii2\grid\GridView.php(494): yii\grid\GridView->renderTableRow(Object(backend\models\People), 1, 0)
#8 E:\XAMPP\XAMPP\htdocs\advanced\vendor\yiisoft\yii2\grid\GridView.php(358): yii\grid\GridView->renderTableBody()
#9 E:\XAMPP\XAMPP\htdocs\advanced\vendor\yiisoft\yii2\widgets\BaseListView.php(160): yii\grid\GridView->renderItems()
#10 E:\XAMPP\XAMPP\htdocs\advanced\vendor\yiisoft\yii2\grid\GridView.php(326): yii\widgets\BaseListView->renderSection('{items}')
#11 E:\XAMPP\XAMPP\htdocs\advanced\vendor\yiisoft\yii2\widgets\BaseListView.php(135): yii\grid\GridView->renderSection('{items}')
#12 [internal function]: yii\widgets\BaseListView->yii\widgets\{closure}(Array)
#13 E:\XAMPP\XAMPP\htdocs\advanced\vendor\yiisoft\yii2\widgets\BaseListView.php(138): preg_replace_callback('/{\\w+}/', Object(Closure), '{summary}\n{item...')
#14 E:\XAMPP\XAMPP\htdocs\advanced\vendor\yiisoft\yii2\grid\GridView.php(301): yii\widgets\BaseListView->run()
#15 E:\XAMPP\XAMPP\htdocs\advanced\vendor\yiisoft\yii2\base\Widget.php(146): yii\grid\GridView->run()
#16 E:\XAMPP\XAMPP\htdocs\advanced\backend\views\people\index.php(42): yii\base\Widget::widget(Array)
#17 E:\XAMPP\XAMPP\htdocs\advanced\vendor\yiisoft\yii2\base\View.php(347): require('E:\\XAMPP\\XAMPP\\...')
#18 E:\XAMPP\XAMPP\htdocs\advanced\vendor\yiisoft\yii2\base\View.php(257): yii\base\View->renderPhpFile('E:\\XAMPP\\XAMPP\\...', Array)
#19 E:\XAMPP\XAMPP\htdocs\advanced\vendor\yiisoft\yii2\base\View.php(156): yii\base\View->renderFile('E:\\XAMPP\\XAMPP\\...', Array, Object(backend\controllers\PeopleController))
#20 E:\XAMPP\XAMPP\htdocs\advanced\vendor\yiisoft\yii2\base\Controller.php(407): yii\base\View->render('index', Array, Object(backend\controllers\PeopleController))
#21 E:\XAMPP\XAMPP\htdocs\advanced\backend\controllers\PeopleController.php(46): yii\base\Controller->render('index', Array)
#22 [internal function]: backend\controllers\PeopleController->actionIndex()
#23 E:\XAMPP\XAMPP\htdocs\advanced\vendor\yiisoft\yii2\base\InlineAction.php(57): call_user_func_array(Array, Array)
#24 E:\XAMPP\XAMPP\htdocs\advanced\vendor\yiisoft\yii2\base\Controller.php(178): yii\base\InlineAction->runWithParams(Array)
#25 E:\XAMPP\XAMPP\htdocs\advanced\vendor\yiisoft\yii2\base\Module.php(552): yii\base\Controller->runAction('index', Array)
#26 E:\XAMPP\XAMPP\htdocs\advanced\vendor\yiisoft\yii2\web\Application.php(103): yii\base\Module->runAction('people/index', Array)
#27 E:\XAMPP\XAMPP\htdocs\advanced\vendor\yiisoft\yii2\base\Application.php(384): yii\web\Application->handleRequest(Object(yii\web\Request))
#28 E:\XAMPP\XAMPP\htdocs\advanced\backend\web\index.php(18): yii\base\Application->run()
#29 {main}
2024-12-08 19:06:40 [::1][-][f8prln1lplupnnkepsn8dir8eb][info][application] $_GET = [
    'r' => 'people/index'
]

$_POST = []

$_FILES = []

$_COOKIE = [
    'advanced-frontend' => 'vges01bqcpjrllu87s64b4kfmc'
    '_csrf-frontend' => '5a20c1662b20d7ff52a6b0ebdc1c4971c5cab0c0615248aa1af013cdf8fe53a4a:2:{i:0;s:14:\"_csrf-frontend\";i:1;s:32:\"pNFgnRyOxC5tuEnszK87DsOTPE2jEYWb\";}'
    '_csrf-backend' => '620cd32370282e220d1315d8e6e90cb629918a1399813c5def95a033dea16bafa:2:{i:0;s:13:\"_csrf-backend\";i:1;s:32:\"HxCXJSC5xf6667LWeYs9c4IDmtWIW1Us\";}'
    'advanced-backend' => 'f8prln1lplupnnkepsn8dir8eb'
]

$_SESSION = [
    '__flash' => []
]

$_SERVER = [
    'MIBDIRS' => 'E:/XAMPP/XAMPP/php/extras/mibs'
    'MYSQL_HOME' => '\\xampp\\mysql\\bin'
    'OPENSSL_CONF' => 'E:/XAMPP/XAMPP/apache/bin/openssl.cnf'
    'PHP_PEAR_SYSCONF_DIR' => '\\xampp\\php'
    'PHPRC' => '\\xampp\\php'
    'TMP' => '\\xampp\\tmp'
    'HTTP_HOST' => 'localhost'
    'HTTP_CONNECTION' => 'keep-alive'
    'HTTP_SEC_CH_UA' => '\"Chromium\";v=\"128\", \"Not;A=Brand\";v=\"24\", \"Microsoft Edge\";v=\"128\"'
    'HTTP_SEC_CH_UA_MOBILE' => '?0'
    'HTTP_SEC_CH_UA_PLATFORM' => '\"Windows\"'
    'HTTP_UPGRADE_INSECURE_REQUESTS' => '1'
    'HTTP_USER_AGENT' => 'Mozilla/5.0 (Windows NT 10.0; Win64; x64) AppleWebKit/537.36 (KHTML, like Gecko) Chrome/128.0.0.0 Safari/537.36 Edg/128.0.0.0'
    'HTTP_ACCEPT' => 'text/html,application/xhtml+xml,application/xml;q=0.9,image/avif,image/webp,image/apng,*/*;q=0.8,application/signed-exchange;v=b3;q=0.7'
    'HTTP_SEC_FETCH_SITE' => 'none'
    'HTTP_SEC_FETCH_MODE' => 'navigate'
    'HTTP_SEC_FETCH_USER' => '?1'
    'HTTP_SEC_FETCH_DEST' => 'document'
    'HTTP_ACCEPT_ENCODING' => 'gzip, deflate, br, zstd'
    'HTTP_ACCEPT_LANGUAGE' => 'zh-CN,zh;q=0.9,en;q=0.8,en-GB;q=0.7,en-US;q=0.6'
    'HTTP_COOKIE' => 'advanced-frontend=vges01bqcpjrllu87s64b4kfmc; _csrf-frontend=5a20c1662b20d7ff52a6b0ebdc1c4971c5cab0c0615248aa1af013cdf8fe53a4a%3A2%3A%7Bi%3A0%3Bs%3A14%3A%22_csrf-frontend%22%3Bi%3A1%3Bs%3A32%3A%22pNFgnRyOxC5tuEnszK87DsOTPE2jEYWb%22%3B%7D; _csrf-backend=620cd32370282e220d1315d8e6e90cb629918a1399813c5def95a033dea16bafa%3A2%3A%7Bi%3A0%3Bs%3A13%3A%22_csrf-backend%22%3Bi%3A1%3Bs%3A32%3A%22HxCXJSC5xf6667LWeYs9c4IDmtWIW1Us%22%3B%7D; advanced-backend=f8prln1lplupnnkepsn8dir8eb'
    'PATH' => 'E:\\jdk\\jdk-1.8\\bin;C:\\Program Files (x86)\\Common Files\\Oracle\\Java\\java8path;C:\\Program Files (x86)\\Common Files\\Oracle\\Java\\javapath;C:\\Program Files\\NVIDIA GPU Computing Toolkit\\CUDA\\v11.6\\bin;C:\\Program Files\\NVIDIA GPU Computing Toolkit\\CUDA\\v11.6\\libnvvp;D:\\true software security\\bin\\;D:\\2023.10.7anaconda download;D:\\2023.10.7anaconda download\\Library\\mingw-w64\\bin;D:\\2023.10.7anaconda download\\Library\\usr\\bin;D:\\2023.10.7anaconda download\\Library\\bin;D:\\2023.10.7anaconda download\\Scripts;C:\\Windows\\system32;C:\\Windows;C:\\Windows\\System32\\Wbem;C:\\Windows\\System32\\WindowsPowerShell\\v1.0\\;C:\\Windows\\System32\\OpenSSH\\;C:\\Program Files (x86)\\NVIDIA Corporation\\PhysX\\Common;C:\\Program Files\\NVIDIA Corporation\\NVIDIA NvDLISR;C:\\WINDOWS\\system32;C:\\WINDOWS;C:\\WINDOWS\\System32\\Wbem;C:\\WINDOWS\\System32\\WindowsPowerShell\\v1.0\\;C:\\WINDOWS\\System32\\OpenSSH\\;C:\\Program Files (x86)\\Windows Kits\\8.1\\Windows Performance Toolkit\\;E:\\matlab2024a\\runtime\\win64;E:\\matlab2024a\\bin;C:\\Program Files\\PuTTY\\;C:\\Program Files\\NVIDIA Corporation\\Nsight Compute 2022.1.0\\;E:\\node\\;E:\\git\\Git\\cmd;E:\\tortoise\\bin;E:\\AndroidStudio\\AndroidSDK\\platform-tools;C:\\texlive\\2023\\bin\\windows;C:\\Users\\86153\\AppData\\Local\\Programs\\Python\\Python311\\Scripts\\;C:\\Users\\86153\\AppData\\Local\\Programs\\Python\\Python311\\;C:\\Users\\86153\\AppData\\Local\\Microsoft\\WindowsApps;;C:\\Users\\86153\\AppData\\Local\\Programs\\Microsoft VS Code\\bin;D:\\PyCharm Community Edition 2022.3.3\\bin;;D:\\texlive\\2023\\bin\\windows;C:\\Users\\86153\\AppData\\Roaming\\npm;E:\\XAMPP\\XAMPP\\php;C:\\Users\\86153\\AppData\\Local\\ComposerSetup\\bin;C:\\Users\\86153\\AppData\\Roaming\\Composer\\vendor\\bin'
    'SystemRoot' => 'C:\\WINDOWS'
    'COMSPEC' => 'C:\\WINDOWS\\system32\\cmd.exe'
    'PATHEXT' => '.COM;.EXE;.BAT;.CMD;.VBS;.VBE;.JS;.JSE;.WSF;.WSH;.MSC'
    'WINDIR' => 'C:\\WINDOWS'
    'SERVER_SIGNATURE' => '<address>Apache/2.4.58 (Win64) OpenSSL/3.1.3 PHP/8.0.30 Server at localhost Port 80</address>
'
    'SERVER_SOFTWARE' => 'Apache/2.4.58 (Win64) OpenSSL/3.1.3 PHP/8.0.30'
    'SERVER_NAME' => 'localhost'
    'SERVER_ADDR' => '::1'
    'SERVER_PORT' => '80'
    'REMOTE_ADDR' => '::1'
    'DOCUMENT_ROOT' => 'E:/XAMPP/XAMPP/htdocs'
    'REQUEST_SCHEME' => 'http'
    'CONTEXT_PREFIX' => ''
    'CONTEXT_DOCUMENT_ROOT' => 'E:/XAMPP/XAMPP/htdocs'
    'SERVER_ADMIN' => 'postmaster@localhost'
    'SCRIPT_FILENAME' => 'E:/XAMPP/XAMPP/htdocs/advanced/backend/web/index.php'
    'REMOTE_PORT' => '62912'
    'GATEWAY_INTERFACE' => 'CGI/1.1'
    'SERVER_PROTOCOL' => 'HTTP/1.1'
    'REQUEST_METHOD' => 'GET'
    'QUERY_STRING' => 'r=people/index'
    'REQUEST_URI' => '/advanced/backend/web/index.php?r=people/index'
    'SCRIPT_NAME' => '/advanced/backend/web/index.php'
    'PHP_SELF' => '/advanced/backend/web/index.php'
    'REQUEST_TIME_FLOAT' => 1733681200.7591
    'REQUEST_TIME' => 1733681200
]
